INFO - CONFIGURATION DESCRIPTION START
INFO - The following configuration was detected:
INFO - uid: 4ea3
INFO - port: 8080
INFO - hop count:DEBUG:root:Polling for packet...
DEBUG:root:ILNPSocket Initialised
DEBUG:root:Packet from 14-39 to 0 1 arrived on interface 11
DEBUG:root:Received route request
DEBUG:root:Adding the following path to forwarding table: [15]
DEBUG:root:Forwarding route request
DEBUG:root:Appending arriving l29: 18 sends left
29: 17 sends left
29: 16 sends left
29: 15 sends left
29: 14 sends left
29: 13 sends left
29: 12 sends left
29: 11 sends left
29: 10 sends left
29: 9 sends left
29: 8 sends left
29: 7 sends left
29: 6 sends left
29: 5 sends left
29: 4 sends left
29: 3 sends left
29: 2 sends left
29: 1 sends left
BUG:root:Forwarding route request
DEBUG:root:Appending arriving locator and forwarding route request
DEBUG:root:Flooding packet
DEBUG:root:Forwarding packet to the following locator(s): {7}
DEBUG:root:Polling for packet...
DEBUG:root:Received normal packet from 7-29 for 0 1 on interface None
DEBUG:root:No route found, requesting one.
DEBUG:root:Flooding packet
DEBUG:root:Forwarding packet to the following locator(s): {7}
DEBUG:root:Polling for packet...
DEBUG:root:Received normal packet from 7-29 for 0 1 on interface None
DEBUG:root:No route found, requesting one.
DEBUG:root:Flooding packet
DEBUG:root:Forwarding packet to the following locator(s): {7}
DEBUG:root:Polling for packet...
DEBUG:root:Received normal packet from 7-29 for 0 1 on interface None
DEBUG:root:No route found, requesting one.
DEBUG:root:Flooding packet
DEBUG:root:Forwarding packet to the following locator(s): {7}
DEBUG:root:Polling for packet...
DEBUG:root:Received normal packet from 7-29 for 0 1 on interface None
DEBUG:root:No route found, requesting one.
DEBUG:root:Flooding packet
DEBUG:root:Forwarding packet to the following locator(s): {7}
DEBUG:root:Polling for packet...
DEBUG:root:Received normal packet from 7-29 for 0 1 on interface None
DEBUG:root:No route found, requesting one.
DEBUG:root:Flooding packet
DEBUG:root:Forwarding packet to the following locator(s): {7}
DEBUG:root:Polling for packet...
DEBUG:root:Received normal packet from 7-29 for 0 1 on interface None
DEBUG:root:No route found, requesting one.
DEBUG:root:Flooding packet
DEBUG:root:Forwarding packet to the following locator(s): {7}
DEBUG:root:Polling for packet...
DEBUG:root:Received normal packet from 7-29 for 0 1 on interface None
DEBUG:root:No route found, requesting one.
DEBUG:root:Flooding packet
DEBUG:root:Forwarding packet to the following locator(s): {7}
DEBUG:root:Polling for packet...
DEBUG:root:Received normal packet from 7-29 for 0 1 on interface None
DEBUG:root:No route found, requesting one.
DEBUG:root:Flooding packet
DEBUG:root:Forwarding packet to the following locator(s): {7}
DEBUG:root:Polling for packet...
DEBUG:root:Received normal packet from 7-29 for 0 1 on interface None
DEBUG:root:No route found, requesting one.
DEBUG:root:Flooding packet
DEBUG:root:Forwarding packet to the following locator(s): {7}
DEBUG:root:Polling for packet...
DEBUG:root:Received normal packet from 7-29 for 0 1 on interface None
DEBUG:root:No route found, requesting one.
DEBUG:root:Flooding packet
DEBUG:root:Forwarding packet to the following locator(s): {7}
DEBUG:root:Polling for packet...
DEBUG:root:Received normal packet from 7-29 for 0 1 on interface None
DEBUG:root:No route found, requesting one.
DEBUG:root:Flooding packet
DEBUG:root:Forwarding packet to the following locator(s): {7}
DEBUG:root:Polling for packet...
DEBUG:root:Received normal packet from 7-29 for 0 1 on interface None
DEBUG:root:No route found, requesting one.
DEBUG:root:Flooding packet
DEBUG:root:Forwarding packet to the following locator(s): {7}
DEBUG:root:Polling for packet...
DEBUG:root:Received normal packet from 7-29 for 0 1 on interface None
DEBUG:root:No route found, requesting one.
DEBUG:root:Flooding packet
DEBUG:root:Forwarding packet to the following locator(s): {7}
DEBUG:root:Polling for packet...
DEBUG:root:Received normal packet from 7-29 for 0 1 on interface None
DEBUG:root:No route found, requesting one.
DEBUG:root:Flooding packet
DEBUG:root:Forwarding packet to the following locator(s): {7}
DEBUG:root:Polling for packet...
DEBUG:root:Received normal packet from 7-29 for 0 1 on interface None
DEBUG:root:No route found, requesting one.
DEBUG:root:Flooding packet
DEBUG:root:Forwarding packet to the following locator(s): {7}
DEBUG:root:Polling for packet...
DEBUG:root:Received normal packet from 7-29 for 0 1 on interface None
DEBUG:root:No route found, requesting one.
DEBUG:root:Flooding packet
DEBUG:root:Forwarding packet to the following locator(s): {7}
DEBUG:root:Polling for packet...
DEBUG:root:Received normal packet from 7-29 for 0 1 on interface None
DEBUG:root:No route found, requesting one.
DEBUG:root:Flooding packet
DEBUG:root:Forwarding packet to the following locator(s): {7}
DEBUG:root:Polling for packet...
DEBUG:root:Received normal packet from 7-29 for 0 1 on interface None
DEBUG:root:No route found, requesting one.
DEBUG:root:Flooding packet
DEBUG:root:Forwarding packet to the following locator(s): {7}
DEBUG:root:Polling for packet...
DEBUG:root:Received normal packet from 7-29 for 0 1 on interface None
DEBUG:root:No route found, requesting one.
DEBUG:root:Flooding packet
DEBUG:root:Forwarding packet to the following locator(s): {7}
DEBUG:root:Polling for packet...
DEBUG:root:Attempting to gain log file lock
DEBUG:root:Lock obtained
DEBUG:root:Unlocking file
