INFO - CONFIGURATION DESCRIPTION START
INFO - The following configuration was detected:
INFO - uid: 4ea3
INFO - port: 8080
INFO - hop coDEBUG:root:Polling for packet...
DEBUG:root:ILNPSocket Initialised
DEBUG:root:Received normal packet from 2-3 for 0 1 on interface None
DEBUG:root:No route found, requesting one.
DEBUG:root:Flooding packet
DEBUG:root:Forwarding packet to the following locator(s): {2}
DEBUG:root:Polling 3: 19 sends leDEB3: 18 sends left
3: 17 sends left
3: 16 sends left
3: 15 sends left
3: 14 sends left
3: 13 sends left
3: 12 sends left
3: 11 sends left
3: 10 sends left
3: 9 sends left
3: 8 sends left
3: 7 sends left
3: 6 sends left
3: 5 sends left
3: 4 sends left
3: 3 sends left
3: 2 sends left
3: 1 sends left
ne
DEBUG:root:No route found, requesting one.
DEBUG:root:Flooding packet
DEBUG:root:Forwarding packet to the following locator(s): {2}
DEBUG:root:Polling for packet...
DEBUG:root:Received normal packet from 2-3 for 0 1 on interface None
DEBUG:root:No route found, requesting one.
DEBUG:root:Flooding packet
DEBUG:root:Forwarding packet to the following locator(s): {2}
DEBUG:root:Polling for packet...
DEBUG:root:Received normal packet from 2-3 for 0 1 on interface None
DEBUG:root:No route found, requesting one.
DEBUG:root:Flooding packet
DEBUG:root:Forwarding packet to the following locator(s): {2}
DEBUG:root:Polling for packet...
DEBUG:root:Received normal packet from 2-3 for 0 1 on interface None
DEBUG:root:No route found, requesting one.
DEBUG:root:Flooding packet
DEBUG:root:Forwarding packet to the following locator(s): {2}
DEBUG:root:Polling for packet...
DEBUG:root:Received normal packet from 2-3 for 0 1 on interface None
DEBUG:root:No route found, requesting one.
DEBUG:root:Flooding packet
DEBUG:root:Forwarding packet to the following locator(s): {2}
DEBUG:root:Polling for packet...
DEBUG:root:Received normal packet from 2-3 for 0 1 on interface None
DEBUG:root:No route found, requesting one.
DEBUG:root:Flooding packet
DEBUG:root:Forwarding packet to the following locator(s): {2}
DEBUG:root:Polling for packet...
DEBUG:root:Received normal packet from 2-3 for 0 1 on interface None
DEBUG:root:No route found, requesting one.
DEBUG:root:Flooding packet
DEBUG:root:Forwarding packet to the following locator(s): {2}
DEBUG:root:Polling for packet...
DEBUG:root:Received normal packet from 2-3 for 0 1 on interface None
DEBUG:root:No route found, requesting one.
DEBUG:root:Flooding packet
DEBUG:root:Forwarding packet to the following locator(s): {2}
DEBUG:root:Polling for packet...
DEBUG:root:Received normal packet from 2-3 for 0 1 on interface None
DEBUG:root:No route found, requesting one.
DEBUG:root:Flooding packet
DEBUG:root:Forwarding packet to the following locator(s): {2}
DEBUG:root:Polling for packet...
DEBUG:root:Received normal packet from 2-3 for 0 1 on interface None
DEBUG:root:No route found, requesting one.
DEBUG:root:Flooding packet
DEBUG:root:Forwarding packet to the following locator(s): {2}
DEBUG:root:Polling for packet...
DEBUG:root:Received normal packet from 2-3 for 0 1 on interface None
DEBUG:root:No route found, requesting one.
DEBUG:root:Flooding packet
DEBUG:root:Forwarding packet to the following locator(s): {2}
DEBUG:root:Polling for packet...
DEBUG:root:Received normal packet from 2-3 for 0 1 on interface None
DEBUG:root:No route found, requesting one.
DEBUG:root:Flooding packet
DEBUG:root:Forwarding packet to the following locator(s): {2}
DEBUG:root:Polling for packet...
DEBUG:root:Received normal packet from 2-3 for 0 1 on interface None
DEBUG:root:No route found, requesting one.
DEBUG:root:Flooding packet
DEBUG:root:Forwarding packet to the following locator(s): {2}
DEBUG:root:Polling for packet...
DEBUG:root:Received normal packet from 2-3 for 0 1 on interface None
DEBUG:root:No route found, requesting one.
DEBUG:root:Flooding packet
DEBUG:root:Forwarding packet to the following locator(s): {2}
DEBUG:root:Polling for packet...
DEBUG:root:Received normal packet from 2-3 for 0 1 on interface None
DEBUG:root:No route found, requesting one.
DEBUG:root:Flooding packet
DEBUG:root:Forwarding packet to the following locator(s): {2}
DEBUG:root:Polling for packet...
DEBUG:root:Received normal packet from 2-3 for 0 1 on interface None
DEBUG:root:No route found, requesting one.
DEBUG:root:Flooding packet
DEBUG:root:Forwarding packet to the following locator(s): {2}
DEBUG:root:Polling for packet...
DEBUG:root:Received normal packet from 2-3 for 0 1 on interface None
DEBUG:root:No route found, requesting one.
DEBUG:root:Flooding packet
DEBUG:root:Forwarding packet to the following locator(s): {2}
DEBUG:root:Polling for packet...
DEBUG:root:Received normal packet from 2-3 for 0 1 on interface None
DEBUG:root:No route found, requesting one.
DEBUG:root:Flooding packet
DEBUG:root:Forwarding packet to the following locator(s): {2}
DEBUG:root:Polling for packet...
DEBUG:root:Received normal packet from 2-3 for 0 1 on interface None
DEBUG:root:No route found, requesting one.
DEBUG:root:Flooding packet
DEBUG:root:Forwarding packet to the following locator(s): {2}
DEBUG:root:Polling for packet...
DEBUG:root:Attempting to gain log file lock
DEBUG:root:Lock obtained
DEBUG:root:Unlocking file
