INFO - CONFIGURATION DESCRIPTION START
INFO - The following configuration was detected:
INFO - uid: 4ea3
INFO - port: 8080
INFO - hop coDEBUG:root:Polling for packet...
DEBUG:root:ILNPSocket Initialised
DEBUG:root:Received normal packet from 8-9 for 0 1 on interface None
DEBUG:root:No route found, requesting one.
DEBUG:root:Flooding packet
DEBUG:root:Forwarding packet to the following locator(s): {8}
DEBUG:root:Polling 9: 19 sends leDEB9: 18 sends left
9: 17 sends left
9: 16 sends left
9: 15 sends left
9: 14 sends left
9: 13 sends left
9: 12 sends left
9: 11 sends left
9: 10 sends left
9: 9 sends left
9: 8 sends left
9: 7 sends left
9: 6 sends left
9: 5 sends left
9: 4 sends left
9: 3 sends left
9: 2 sends left
9: 1 sends left
ne
DEBUG:root:No route found, requesting one.
DEBUG:root:Flooding packet
DEBUG:root:Forwarding packet to the following locator(s): {8}
DEBUG:root:Polling for packet...
DEBUG:root:Received normal packet from 8-9 for 0 1 on interface None
DEBUG:root:No route found, requesting one.
DEBUG:root:Flooding packet
DEBUG:root:Forwarding packet to the following locator(s): {8}
DEBUG:root:Polling for packet...
DEBUG:root:Received normal packet from 8-9 for 0 1 on interface None
DEBUG:root:No route found, requesting one.
DEBUG:root:Flooding packet
DEBUG:root:Forwarding packet to the following locator(s): {8}
DEBUG:root:Polling for packet...
DEBUG:root:Received normal packet from 8-9 for 0 1 on interface None
DEBUG:root:No route found, requesting one.
DEBUG:root:Flooding packet
DEBUG:root:Forwarding packet to the following locator(s): {8}
DEBUG:root:Polling for packet...
DEBUG:root:Received normal packet from 8-9 for 0 1 on interface None
DEBUG:root:No route found, requesting one.
DEBUG:root:Flooding packet
DEBUG:root:Forwarding packet to the following locator(s): {8}
DEBUG:root:Polling for packet...
DEBUG:root:Received normal packet from 8-9 for 0 1 on interface None
DEBUG:root:No route found, requesting one.
DEBUG:root:Flooding packet
DEBUG:root:Forwarding packet to the following locator(s): {8}
DEBUG:root:Polling for packet...
DEBUG:root:Received normal packet from 8-9 for 0 1 on interface None
DEBUG:root:No route found, requesting one.
DEBUG:root:Flooding packet
DEBUG:root:Forwarding packet to the following locator(s): {8}
DEBUG:root:Polling for packet...
DEBUG:root:Received normal packet from 8-9 for 0 1 on interface None
DEBUG:root:No route found, requesting one.
DEBUG:root:Flooding packet
DEBUG:root:Forwarding packet to the following locator(s): {8}
DEBUG:root:Polling for packet...
DEBUG:root:Received normal packet from 8-9 for 0 1 on interface None
DEBUG:root:No route found, requesting one.
DEBUG:root:Flooding packet
DEBUG:root:Forwarding packet to the following locator(s): {8}
DEBUG:root:Polling for packet...
DEBUG:root:Received normal packet from 8-9 for 0 1 on interface None
DEBUG:root:No route found, requesting one.
DEBUG:root:Flooding packet
DEBUG:root:Forwarding packet to the following locator(s): {8}
DEBUG:root:Polling for packet...
DEBUG:root:Received normal packet from 8-9 for 0 1 on interface None
DEBUG:root:No route found, requesting one.
DEBUG:root:Flooding packet
DEBUG:root:Forwarding packet to the following locator(s): {8}
DEBUG:root:Polling for packet...
DEBUG:root:Received normal packet from 8-9 for 0 1 on interface None
DEBUG:root:No route found, requesting one.
DEBUG:root:Flooding packet
DEBUG:root:Forwarding packet to the following locator(s): {8}
DEBUG:root:Polling for packet...
DEBUG:root:Received normal packet from 8-9 for 0 1 on interface None
DEBUG:root:No route found, requesting one.
DEBUG:root:Flooding packet
DEBUG:root:Forwarding packet to the following locator(s): {8}
DEBUG:root:Polling for packet...
DEBUG:root:Received normal packet from 8-9 for 0 1 on interface None
DEBUG:root:No route found, requesting one.
DEBUG:root:Flooding packet
DEBUG:root:Forwarding packet to the following locator(s): {8}
DEBUG:root:Polling for packet...
DEBUG:root:Received normal packet from 8-9 for 0 1 on interface None
DEBUG:root:No route found, requesting one.
DEBUG:root:Flooding packet
DEBUG:root:Forwarding packet to the following locator(s): {8}
DEBUG:root:Polling for packet...
DEBUG:root:Received normal packet from 8-9 for 0 1 on interface None
DEBUG:root:No route found, requesting one.
DEBUG:root:Flooding packet
DEBUG:root:Forwarding packet to the following locator(s): {8}
DEBUG:root:Polling for packet...
DEBUG:root:Received normal packet from 8-9 for 0 1 on interface None
DEBUG:root:No route found, requesting one.
DEBUG:root:Flooding packet
DEBUG:root:Forwarding packet to the following locator(s): {8}
DEBUG:root:Polling for packet...
DEBUG:root:Received normal packet from 8-9 for 0 1 on interface None
DEBUG:root:No route found, requesting one.
DEBUG:root:Flooding packet
DEBUG:root:Forwarding packet to the following locator(s): {8}
DEBUG:root:Polling for packet...
DEBUG:root:Received normal packet from 8-9 for 0 1 on interface None
DEBUG:root:No route found, requesting one.
DEBUG:root:Flooding packet
DEBUG:root:Forwarding packet to the following locator(s): {8}
DEBUG:root:Polling for packet...
DEBUG:root:Attempting to gain log file lock
DEBUG:root:Lock obtained
DEBUG:root:Unlocking file
